[ 2016-04-18T10:24:16+08:00 ] ::1 /market_s22/index.php/Desktop/Index/create
INFO: [ app_init ] --START--
INFO: Run Behavior\BuildLiteBehavior [ RunTime:0.000020s ]
INFO: [ app_init ] --END-- [ RunTime:0.010694s ]
INFO: [ app_begin ] --START--
INFO: Run Behavior\ReadHtmlCacheBehavior [ RunTime:0.012069s ]
INFO: [ app_begin ] --END-- [ RunTime:0.012133s ]

[ 2016-04-18T10:24:23+08:00 ] ::1 /market_s22/index.php/Desktop/Index/createPrice
INFO: [ app_init ] --START--
INFO: Run Behavior\BuildLiteBehavior [ RunTime:0.000014s ]
INFO: [ app_init ] --END-- [ RunTime:0.000355s ]
INFO: [ app_begin ] --START--
INFO: Run Behavior\ReadHtmlCacheBehavior [ RunTime:0.000469s ]
INFO: [ app_begin ] --END-- [ RunTime:0.000509s ]

[ 2016-04-18T10:24:51+08:00 ] ::1 /market_s22/index.php/Desktop/Index/createPrice
INFO: [ app_init ] --START--
INFO: Run Behavior\BuildLiteBehavior [ RunTime:0.000013s ]
INFO: [ app_init ] --END-- [ RunTime:0.000345s ]
INFO: [ app_begin ] --START--
INFO: Run Behavior\ReadHtmlCacheBehavior [ RunTime:0.000439s ]
INFO: [ app_begin ] --END-- [ RunTime:0.000484s ]
SQL: SHOW COLUMNS FROM `market_user_capital` [ RunTime:0.1032s ]
SQL: SHOW COLUMNS FROM `market_positions_detail` [ RunTime:0.0535s ]
SQL: SHOW COLUMNS FROM `market_today_price` [ RunTime:0.0464s ]
SQL: SHOW COLUMNS FROM `market_history_price` [ RunTime:0.0519s ]
SQL: SELECT * FROM `market_user_capital` WHERE ( uid=22600011 )  [ RunTime:0.0470s ]
SQL: SHOW COLUMNS FROM `market_positions_number` [ RunTime:0.0367s ]
SQL: SELECT * FROM `market_positions_number` WHERE `uid` IS NULL LIMIT 1   [ RunTime:0.0476s ]
SQL: UPDATE `market_positions_number` SET `uid`='22600011' WHERE ( positions_number=330 ) [ RunTime:0.0016s ]
SQL: INSERT INTO `market_positions_number` (`time`) VALUES ('1460946291') [ RunTime:0.0012s ]
SQL: INSERT INTO `market_history_price` (`uid`,`time`,`good_name`,`direction`,`price`,`number`,`status`,`loss`,`profit`,`positions_number`) VALUES ('22600011','1460946291','现货白银','买','3200','1','委托','3000','3400','22610330') [ RunTime:0.0274s ]
SQL: INSERT INTO `market_today_price` (`uid`,`time`,`good_name`,`direction`,`price`,`number`,`status`,`type`,`freeze_uccupy`,`loss`,`profit`,`positions_number`) VALUES ('22600011','1460946291','现货白银','买','3200','1','委托','建仓','2400','3000','3400','22610330') [ RunTime:0.0339s ]
SQL: INSERT INTO `market_positions_detail` (`freeze_uccupy`,`uid`,`time`,`positions_number`,`type`,`good_name`,`commission`,`direction`,`positions_price`,`number`,`pip`,`loss`,`profit`) VALUES ('2400','22600011','1460946291','22610330','指价','现货白银','0.05','买','3200','1','0','3000','3400') [ RunTime:0.0236s ]
SQL: UPDATE `market_user_capital` SET `usable_margin`='1026802.6',`freeze_margin`='397439.4' WHERE ( uid=22600011 ) [ RunTime:0.0019s ]
NOTIC: [8] Use of undefined constant n - assumed 'n' D:\xampp\htdocs\market_s22\Application\Desktop\Controller\CommonController.class.php 第 346 行.
NOTIC: [8] Use of undefined constant j - assumed 'j' D:\xampp\htdocs\market_s22\Application\Desktop\Controller\CommonController.class.php 第 346 行.
NOTIC: [8] Use of undefined constant Y - assumed 'Y' D:\xampp\htdocs\market_s22\Application\Desktop\Controller\CommonController.class.php 第 346 行.
NOTIC: [8] Use of undefined constant n - assumed 'n' D:\xampp\htdocs\market_s22\Application\Desktop\Controller\CommonController.class.php 第 347 行.
NOTIC: [8] Use of undefined constant j - assumed 'j' D:\xampp\htdocs\market_s22\Application\Desktop\Controller\CommonController.class.php 第 347 行.
NOTIC: [8] Use of undefined constant Y - assumed 'Y' D:\xampp\htdocs\market_s22\Application\Desktop\Controller\CommonController.class.php 第 347 行.
SQL: SHOW COLUMNS FROM `market_user_count` [ RunTime:0.0281s ]
SQL: SELECT * FROM `market_user_count` WHERE `uid` = 22600011 AND ( `time` >= 1460908800 AND `time` <= 1460995200  ) ORDER BY id desc LIMIT 1   [ RunTime:0.0020s ]
SQL: INSERT INTO `market_user_count` (`time`,`uid`,`count`) VALUES ('1460946291','22600011','1') [ RunTime:0.0017s ]

